<?xml version="1.0" encoding="UTF-8"?>
<!-- Generated by org.testng.reporters.JUnitXMLReporter -->
<testsuite hostname="Srinath-PC" name="Test1" tests="11" failures="9" timestamp="26 Apr 2016 02:31:00 GMT" time="25.127" errors="0">
  <testcase name="Birthmonth" time="0.274" classname="myprograms.GmailTestng"/>
  <testcase name="FNInvalidtext" time="0.479" classname="myprograms.GmailTestng"/>
  <testcase name="FNValidAlphanumeric" time="1.403" classname="myprograms.GmailTestng">
    <failure type="java.lang.AssertionError" message="expected:&amp;lt;true&amp;gt; but was:&amp;lt;false&amp;gt;">
      <![CDATA[java.lang.AssertionError: expected:<true> but was:<false>
	at myprograms.GmailTestng.FNValidAlphanumeric(GmailTestng.java:111)
... Removed 29 stack frames]]>
    </failure>
  </testcase> <!-- FNValidAlphanumeric -->
  <testcase name="FNValidSpecial" time="0.644" classname="myprograms.GmailTestng">
    <failure type="java.lang.AssertionError" message="expected:&amp;lt;true&amp;gt; but was:&amp;lt;false&amp;gt;">
      <![CDATA[java.lang.AssertionError: expected:<true> but was:<false>
	at myprograms.GmailTestng.FNValidSpecial(GmailTestng.java:121)
... Removed 29 stack frames]]>
    </failure>
  </testcase> <!-- FNValidSpecial -->
  <testcase name="FNValidnumber" time="0.455" classname="myprograms.GmailTestng">
    <failure type="java.lang.AssertionError" message="expected:&amp;lt;true&amp;gt; but was:&amp;lt;false&amp;gt;">
      <![CDATA[java.lang.AssertionError: expected:<true> but was:<false>
	at myprograms.GmailTestng.FNValidnumber(GmailTestng.java:102)
... Removed 29 stack frames]]>
    </failure>
  </testcase> <!-- FNValidnumber -->
  <testcase name="FNValidtext" time="0.43" classname="myprograms.GmailTestng">
    <failure type="java.lang.AssertionError" message="expected:&amp;lt;true&amp;gt; but was:&amp;lt;false&amp;gt;">
      <![CDATA[java.lang.AssertionError: expected:<true> but was:<false>
	at myprograms.GmailTestng.FNValidtext(GmailTestng.java:93)
... Removed 29 stack frames]]>
    </failure>
  </testcase> <!-- FNValidtext -->
  <testcase name="FNblank" time="0.359" classname="myprograms.GmailTestng">
    <failure type="java.lang.AssertionError" message="expected:&amp;lt;You can&amp;apos;t leave this empty.&amp;gt; but was:&amp;lt;&amp;gt;">
      <![CDATA[java.lang.AssertionError: expected:<You can't leave this empty.> but was:<>
	at myprograms.GmailTestng.FNblank(GmailTestng.java:132)
... Removed 26 stack frames]]>
    </failure>
  </testcase> <!-- FNblank -->
  <testcase name="LNValidAlphanumeric" time="0.537" classname="myprograms.GmailTestng">
    <failure type="java.lang.AssertionError" message="expected:&amp;lt;true&amp;gt; but was:&amp;lt;false&amp;gt;">
      <![CDATA[java.lang.AssertionError: expected:<true> but was:<false>
	at myprograms.GmailTestng.LNValidAlphanumeric(GmailTestng.java:62)
... Removed 29 stack frames]]>
    </failure>
  </testcase> <!-- LNValidAlphanumeric -->
  <testcase name="LNValidSpecial" time="0.672" classname="myprograms.GmailTestng">
    <failure type="java.lang.AssertionError" message="expected:&amp;lt;true&amp;gt; but was:&amp;lt;false&amp;gt;">
      <![CDATA[java.lang.AssertionError: expected:<true> but was:<false>
	at myprograms.GmailTestng.LNValidSpecial(GmailTestng.java:72)
... Removed 29 stack frames]]>
    </failure>
  </testcase> <!-- LNValidSpecial -->
  <testcase name="LNValidnumber" time="0.498" classname="myprograms.GmailTestng">
    <failure type="java.lang.AssertionError" message="expected:&amp;lt;true&amp;gt; but was:&amp;lt;false&amp;gt;">
      <![CDATA[java.lang.AssertionError: expected:<true> but was:<false>
	at myprograms.GmailTestng.LNValidnumber(GmailTestng.java:52)
... Removed 29 stack frames]]>
    </failure>
  </testcase> <!-- LNValidnumber -->
  <testcase name="LNblank" time="0.365" classname="myprograms.GmailTestng">
    <failure type="java.lang.AssertionError" message="expected:&amp;lt;You can&amp;apos;t leave this empty.&amp;gt; but was:&amp;lt;&amp;gt;">
      <![CDATA[java.lang.AssertionError: expected:<You can't leave this empty.> but was:<>
	at myprograms.GmailTestng.LNblank(GmailTestng.java:83)
... Removed 26 stack frames]]>
    </failure>
  </testcase> <!-- LNblank -->
</testsuite> <!-- Test1 -->
